app/build/intermediates/manifest_merge_blame_file/qaRelease/manifest-merger-blame-qa-release-report.txt
1<?xml version="1.0" encoding="utf-8"?>
2<manifest xmlns:android="http://schemas.android.com/apk/res/android"
3    package="com.vam.whitecoats.qa"
4    android:versionCode="96"
5    android:versionName="1.11.61" >
6
7    <uses-sdk
8        android:minSdkVersion="21"
8-->src\main\AndroidManifest.xml
9        android:targetSdkVersion="33" />
9-->src\main\AndroidManifest.xml
10
11    <uses-permission android:name="android.permission.INTERNET" /> <!-- <uses-permission android:name="android.permission.WAKE_LOCK" /> -->
11-->src\main\AndroidManifest.xml:8:5-67
11-->src\main\AndroidManifest.xml:8:22-64
12<!--         <uses-permission android:name="android.permission.READ_CONTACTS" /> -->
13    <uses-permission android:name="android.permission.CAMERA" />
13-->src\main\AndroidManifest.xml:12:5-65
13-->src\main\AndroidManifest.xml:12:22-62
14    <uses-permission android:name="android.permission.READ_EXTERNAL_STORAGE" />
14-->src\main\AndroidManifest.xml:13:5-80
14-->src\main\AndroidManifest.xml:13:22-77
15    <uses-permission android:name="android.permission.ACCESS_NETWORK_STATE" />
15-->src\main\AndroidManifest.xml:14:5-79
15-->src\main\AndroidManifest.xml:14:22-76
16    <uses-permission android:name="android.permission.WRITE_EXTERNAL_STORAGE" />
16-->src\main\AndroidManifest.xml:15:5-16:40
16-->src\main\AndroidManifest.xml:15:22-78
17    <uses-permission android:name="android.permission.READ_PHONE_STATE" />
17-->src\main\AndroidManifest.xml:17:5-75
17-->src\main\AndroidManifest.xml:17:22-72
18    <uses-permission android:name="android.permission.CALL_PHONE" /> <!-- This app has permission to register and receive data message. -->
18-->src\main\AndroidManifest.xml:18:5-69
18-->src\main\AndroidManifest.xml:18:22-66
19    <uses-permission android:name="com.google.android.c2dm.permission.RECEIVE" />
19-->src\main\AndroidManifest.xml:19:5-82
19-->src\main\AndroidManifest.xml:19:22-79
20    <uses-permission android:name="android.permission.ACCESS_FINE_LOCATION" />
20-->src\main\AndroidManifest.xml:20:5-79
20-->src\main\AndroidManifest.xml:20:22-76
21    <uses-permission android:name="android.permission.ACCESS_COARSE_LOCATION" /> <!-- this are the permission need so that application can read sms -->
21-->src\main\AndroidManifest.xml:21:5-81
21-->src\main\AndroidManifest.xml:21:22-78
22
23    <uses-permission android:name="android.permission.POST_NOTIFICATIONS" />
23-->src\main\AndroidManifest.xml:23:5-77
23-->src\main\AndroidManifest.xml:23:22-74
24    <uses-permission android:name="android.permission.READ_MEDIA_IMAGES" />
24-->src\main\AndroidManifest.xml:24:5-76
24-->src\main\AndroidManifest.xml:24:22-73
25    <uses-permission android:name="android.permission.READ_MEDIA_VIDEO" />
25-->src\main\AndroidManifest.xml:25:5-75
25-->src\main\AndroidManifest.xml:25:22-72
26    <uses-permission android:name="android.permission.READ_MEDIA_AUDIO" />
26-->src\main\AndroidManifest.xml:26:5-75
26-->src\main\AndroidManifest.xml:26:22-72
27    <uses-permission android:name="android.permission.READ_MEDIA_AUDIO" />
27-->src\main\AndroidManifest.xml:26:5-75
27-->src\main\AndroidManifest.xml:26:22-72
28
29    <!--
30    <permission
31        android:name="com.vam.whitecoats.permission.C2D_MESSAGE"
32        android:protectionLevel="signature" />
33
34    <uses-permission android:name="com.vam.whitecoats.permission.C2D_MESSAGE" />
35    -->
36    <uses-configuration android:reqTouchScreen="finger" />
36-->src\main\AndroidManifest.xml:36:5-59
36-->src\main\AndroidManifest.xml:36:25-56
37
38    <supports-screens
38-->src\main\AndroidManifest.xml:38:5-43:40
39        android:anyDensity="true"
39-->src\main\AndroidManifest.xml:39:9-34
40        android:largeScreens="true"
40-->src\main\AndroidManifest.xml:40:9-36
41        android:normalScreens="true"
41-->src\main\AndroidManifest.xml:41:9-37
42        android:smallScreens="true"
42-->src\main\AndroidManifest.xml:42:9-36
43        android:xlargeScreens="true" />
43-->src\main\AndroidManifest.xml:43:9-37
44
45    <uses-feature
45-->src\main\AndroidManifest.xml:45:5-47:35
46        android:name="android.hardware.touchscreen"
46-->src\main\AndroidManifest.xml:46:9-52
47        android:required="true" />
47-->src\main\AndroidManifest.xml:47:9-32
48    <uses-feature
48-->src\main\AndroidManifest.xml:48:5-50:35
49        android:name="android.hardware.touchscreen.multitouch"
49-->src\main\AndroidManifest.xml:49:9-63
50        android:required="true" /> <!-- To auto-complete the email text field in the login form with the user's emails -->
50-->src\main\AndroidManifest.xml:50:9-32
51    <uses-permission android:name="android.permission.GET_ACCOUNTS" />
51-->src\main\AndroidManifest.xml:51:5-71
51-->src\main\AndroidManifest.xml:51:22-68
52
53    <queries>
53-->src\main\AndroidManifest.xml:659:5-663:15
54        <intent>
54-->src\main\AndroidManifest.xml:660:9-662:18
55            <action android:name="com.google.android.youtube.api.service.START" />
55-->src\main\AndroidManifest.xml:661:13-83
55-->src\main\AndroidManifest.xml:661:21-80
56        </intent>
57    </queries>
58    <!--
59    <uses-permission android:name="android.permission.ACCESS_FINE_LOCATION" />
60    <uses-permission android:name="android.permission.ACCESS_COARSE_LOCATION" />
61    -->
62    <uses-permission android:name="android.permission.ACCESS_WIFI_STATE" />
62-->[BrandKinesis-androidx-live-release-V1.6.5.aar] AndroidManifest.xml:20:5-76
62-->[BrandKinesis-androidx-live-release-V1.6.5.aar] AndroidManifest.xml:20:22-73
63    <uses-permission android:name="android.permission.WAKE_LOCK" /> <!-- <uses-permission android:name="android.permission.READ_PHONE_STATE"/> -->
63-->[BrandKinesis-androidx-live-release-V1.6.5.aar] AndroidManifest.xml:21:5-68
63-->[BrandKinesis-androidx-live-release-V1.6.5.aar] AndroidManifest.xml:21:22-65
64    <uses-permission android:name="android.permission.FOREGROUND_SERVICE" />
64-->[BrandKinesis-androidx-live-release-V1.6.5.aar] AndroidManifest.xml:23:5-77
64-->[BrandKinesis-androidx-live-release-V1.6.5.aar] AndroidManifest.xml:23:22-74
65
66    <uses-feature
66-->[BrandKinesis-androidx-live-release-V1.6.5.aar] AndroidManifest.xml:25:5-27:36
67        android:name="android.hardware.telephony"
67-->[BrandKinesis-androidx-live-release-V1.6.5.aar] AndroidManifest.xml:26:9-50
68        android:required="false" />
68-->[BrandKinesis-androidx-live-release-V1.6.5.aar] AndroidManifest.xml:27:9-33
69
70    <uses-permission android:name="com.google.android.finsky.permission.BIND_GET_INSTALL_REFERRER_SERVICE" />
70-->[com.google.android.gms:play-services-measurement:21.1.1] AndroidManifest.xml:26:5-110
70-->[com.google.android.gms:play-services-measurement:21.1.1] AndroidManifest.xml:26:22-107
71    <uses-permission android:name="android.permission.RECEIVE_BOOT_COMPLETED" />
71-->[androidx.work:work-runtime:2.8.0] AndroidManifest.xml:25:5-81
71-->[androidx.work:work-runtime:2.8.0] AndroidManifest.xml:25:22-78
72
73    <uses-feature
73-->[com.google.android.gms:play-services-maps:17.0.0] AndroidManifest.xml:26:5-28:35
74        android:glEsVersion="0x00020000"
74-->[com.google.android.gms:play-services-maps:17.0.0] AndroidManifest.xml:27:9-41
75        android:required="true" />
75-->[com.google.android.gms:play-services-maps:17.0.0] AndroidManifest.xml:28:9-32
76
77    <permission
77-->[androidx.core:core:1.9.0] AndroidManifest.xml:22:5-24:47
78        android:name="com.vam.whitecoats.qa.DYNAMIC_RECEIVER_NOT_EXPORTED_PERMISSION"
78-->[androidx.core:core:1.9.0] AndroidManifest.xml:23:9-81
79        android:protectionLevel="signature" />
79-->[androidx.core:core:1.9.0] AndroidManifest.xml:24:9-44
80
81    <uses-permission android:name="com.vam.whitecoats.qa.DYNAMIC_RECEIVER_NOT_EXPORTED_PERMISSION" />
81-->[androidx.core:core:1.9.0] AndroidManifest.xml:26:5-97
81-->[androidx.core:core:1.9.0] AndroidManifest.xml:26:22-94
82
83    <application
83-->src\main\AndroidManifest.xml:53:5-657:19
84        android:name="com.vam.whitecoats.App_Application"
84-->src\main\AndroidManifest.xml:54:9-40
85        android:allowBackup="false"
85-->src\main\AndroidManifest.xml:55:9-36
86        android:appComponentFactory="androidx.core.app.CoreComponentFactory"
86-->[androidx.core:core:1.9.0] AndroidManifest.xml:28:18-86
87        android:fullBackupContent="false"
87-->src\main\AndroidManifest.xml:56:9-42
88        android:icon="@mipmap/ic_appicon"
88-->src\main\AndroidManifest.xml:57:9-42
89        android:label="@string/app_name"
89-->src\main\AndroidManifest.xml:58:9-41
90        android:largeHeap="true"
90-->src\main\AndroidManifest.xml:59:9-33
91        android:manageSpaceActivity=".ui.activities.SplashScreenActivity"
91-->src\main\AndroidManifest.xml:60:9-74
92        android:requestLegacyExternalStorage="true"
92-->src\main\AndroidManifest.xml:61:9-52
93        android:resizeableActivity="true"
93-->src\main\AndroidManifest.xml:62:9-42
94        android:supportsRtl="true"
94-->[:awesomeimagepicker] AndroidManifest.xml:14:9-35
95        android:theme="@style/CustomTheme"
95-->src\main\AndroidManifest.xml:63:9-43
96        android:usesCleartextTraffic="true" >
96-->src\main\AndroidManifest.xml:64:9-44
97        <receiver
97-->src\main\AndroidManifest.xml:67:9-73:20
98            android:name="com.vam.whitecoats.ui.activities.OTP_Receiver"
98-->src\main\AndroidManifest.xml:68:13-55
99            android:exported="false" >
99-->src\main\AndroidManifest.xml:69:13-37
100            <intent-filter>
100-->src\main\AndroidManifest.xml:70:13-72:29
101                <action android:name="android.provider.Telephony.SMS_RECEIVED" />
101-->src\main\AndroidManifest.xml:71:17-82
101-->src\main\AndroidManifest.xml:71:25-79
102            </intent-filter>
103        </receiver>
104
105        <provider
106            android:name="androidx.core.content.FileProvider"
106-->src\main\AndroidManifest.xml:76:13-62
107            android:authorities="com.vam.whitecoats.qa.provider"
107-->src\main\AndroidManifest.xml:77:13-60
108            android:exported="false"
108-->src\main\AndroidManifest.xml:78:13-37
109            android:grantUriPermissions="true" >
109-->src\main\AndroidManifest.xml:79:13-47
110            <meta-data
110-->src\main\AndroidManifest.xml:80:13-82:58
111                android:name="android.support.FILE_PROVIDER_PATHS"
111-->src\main\AndroidManifest.xml:81:17-67
112                android:resource="@xml/provider_paths" />
112-->src\main\AndroidManifest.xml:82:17-55
113        </provider>
114        <!-- Autopilot calls takeOff without the need to override the Application -->
115        <!-- Autopilot calls takeOff without the need to override the Application -->
116        <!--
117        <meta-data
118            android:name="com.urbanairship.autopilot"
119            android:value="com.vam.whitecoats.utils.SampleAutopilot" />
120        <meta-data
121            android:name="com.urbanairship.job.PREFER_ANDROID_JOB_SCHEDULER"
122            android:value="true" /> &lt;!&ndash; Optional: Receives push and registration events from the Urban Airship SDK. &ndash;&gt;
123        <receiver
124            android:name=".receiver.MyAirshipReceiver"
125            android:exported="false">
126            <intent-filter>
127                <action android:name="com.urbanairship.push.CHANNEL_UPDATED" />
128                <action android:name="com.urbanairship.push.OPENED" />
129                <action android:name="com.urbanairship.push.DISMISSED" />
130                <action android:name="com.urbanairship.push.RECEIVED" />
131
132                <category android:name="${applicationId}" />
133            </intent-filter>
134        </receiver>
135        -->
136
137        <activity
137-->src\main\AndroidManifest.xml:105:9-146:20
138            android:name="com.vam.whitecoats.ui.activities.SplashScreenActivity"
138-->src\main\AndroidManifest.xml:106:13-63
139            android:configChanges="keyboard|keyboardHidden|orientation|screenLayout|uiMode|screenSize|smallestScreenSize"
139-->src\main\AndroidManifest.xml:107:13-122
140            android:exported="true"
140-->src\main\AndroidManifest.xml:108:13-36
141            android:label="@string/app_title"
141-->src\main\AndroidManifest.xml:109:13-46
142            android:launchMode="singleTask"
142-->src\main\AndroidManifest.xml:110:13-44
143            android:screenOrientation="portrait"
143-->src\main\AndroidManifest.xml:111:13-49
144            android:theme="@style/SplashScreenTheme" >
144-->src\main\AndroidManifest.xml:112:13-53
145            <intent-filter>
145-->src\main\AndroidManifest.xml:113:13-117:29
146                <action android:name="android.intent.action.MAIN" />
146-->src\main\AndroidManifest.xml:114:17-69
146-->src\main\AndroidManifest.xml:114:25-66
147
148                <category android:name="android.intent.category.LAUNCHER" />
148-->src\main\AndroidManifest.xml:116:17-77
148-->src\main\AndroidManifest.xml:116:27-74
149            </intent-filter>
150            <intent-filter android:autoVerify="true" >
150-->src\main\AndroidManifest.xml:118:13-145:29
150-->src\main\AndroidManifest.xml:118:28-53
151                <action android:name="android.intent.action.VIEW" />
151-->src\main\AndroidManifest.xml:119:17-69
151-->src\main\AndroidManifest.xml:119:25-66
152
153                <category android:name="android.intent.category.DEFAULT" />
153-->src\main\AndroidManifest.xml:121:17-76
153-->src\main\AndroidManifest.xml:121:27-73
154                <category android:name="android.intent.category.BROWSABLE" />
154-->src\main\AndroidManifest.xml:122:17-78
154-->src\main\AndroidManifest.xml:122:27-75
155
156                <data
156-->src\main\AndroidManifest.xml:124:17-126:45
157                    android:host="dev.whitecoats.com"
157-->src\main\AndroidManifest.xml:125:21-54
158                    android:scheme="http" />
158-->src\main\AndroidManifest.xml:126:21-42
159                <data
159-->src\main\AndroidManifest.xml:124:17-126:45
160                    android:host="qa.whitecoats.com"
160-->src\main\AndroidManifest.xml:125:21-54
161                    android:scheme="http" />
161-->src\main\AndroidManifest.xml:126:21-42
162                <data
162-->src\main\AndroidManifest.xml:124:17-126:45
163                    android:host="stage.whitecoats.com"
163-->src\main\AndroidManifest.xml:125:21-54
164                    android:scheme="http" />
164-->src\main\AndroidManifest.xml:126:21-42
165                <data
165-->src\main\AndroidManifest.xml:124:17-126:45
166                    android:host="whitecoats.com"
166-->src\main\AndroidManifest.xml:125:21-54
167                    android:scheme="http" />
167-->src\main\AndroidManifest.xml:126:21-42
168                <data
168-->src\main\AndroidManifest.xml:124:17-126:45
169                    android:host="wcts.app"
169-->src\main\AndroidManifest.xml:125:21-54
170                    android:scheme="http" />
170-->src\main\AndroidManifest.xml:126:21-42
171                <!--
172                    <data
173                    android:host="wcts.in"
174                    android:scheme="http" />
175                -->
176                <data android:scheme="https" />
176-->src\main\AndroidManifest.xml:124:17-126:45
176-->src\main\AndroidManifest.xml:126:21-42
177            </intent-filter>
178        </activity>
179        <activity
179-->src\main\AndroidManifest.xml:147:9-151:52
180            android:name="com.vam.whitecoats.ui.activities.LoginActivity"
180-->src\main\AndroidManifest.xml:148:13-56
181            android:configChanges="keyboard|keyboardHidden|orientation|screenLayout|uiMode|screenSize|smallestScreenSize"
181-->src\main\AndroidManifest.xml:149:13-122
182            android:label="@string/app_title"
182-->src\main\AndroidManifest.xml:150:13-46
183            android:screenOrientation="portrait" />
183-->src\main\AndroidManifest.xml:151:13-49
184        <activity
184-->src\main\AndroidManifest.xml:152:9-156:52
185            android:name="com.vam.whitecoats.ui.activities.ChangePasswordActivity"
185-->src\main\AndroidManifest.xml:153:13-65
186            android:configChanges="keyboard|keyboardHidden|orientation|screenLayout|uiMode|screenSize|smallestScreenSize"
186-->src\main\AndroidManifest.xml:154:13-122
187            android:label="@string/app_title"
187-->src\main\AndroidManifest.xml:155:13-46
188            android:screenOrientation="portrait" />
188-->src\main\AndroidManifest.xml:156:13-49
189        <!-- ENGG-3376 Added the windowSoftInputMode to avoid the keyboard issue -->
190        <activity
190-->src\main\AndroidManifest.xml:158:9-165:57
191            android:name="com.vam.whitecoats.ui.activities.DashboardActivity"
191-->src\main\AndroidManifest.xml:159:13-60
192            android:configChanges="keyboard|keyboardHidden|orientation|screenLayout|uiMode|screenSize|smallestScreenSize"
192-->src\main\AndroidManifest.xml:160:13-122
193            android:label="@string/app_title"
193-->src\main\AndroidManifest.xml:161:13-46
194            android:launchMode="singleTask"
194-->src\main\AndroidManifest.xml:162:13-44
195            android:screenOrientation="portrait"
195-->src\main\AndroidManifest.xml:163:13-49
196            android:theme="@style/AppTheme.NoActionBar"
196-->src\main\AndroidManifest.xml:164:13-56
197            android:windowSoftInputMode="stateHidden" />
197-->src\main\AndroidManifest.xml:165:13-54
198        <activity
198-->src\main\AndroidManifest.xml:166:9-169:58
199            android:name="com.vam.whitecoats.ui.activities.CustomPhotoGalleryActivity"
199-->src\main\AndroidManifest.xml:167:13-69
200            android:configChanges="keyboard|keyboardHidden|orientation|screenLayout|uiMode|screenSize|smallestScreenSize"
200-->src\main\AndroidManifest.xml:168:13-122
201            android:screenOrientation="sensorPortrait" />
201-->src\main\AndroidManifest.xml:169:13-55
202        <activity
202-->src\main\AndroidManifest.xml:170:9-175:59
203            android:name="com.vam.whitecoats.ui.activities.ProfileViewActivity"
203-->src\main\AndroidManifest.xml:171:13-62
204            android:configChanges="keyboard|keyboardHidden|orientation|screenLayout|uiMode|screenSize|smallestScreenSize"
204-->src\main\AndroidManifest.xml:172:13-122
205            android:label="@string/profilelist_activity_name"
205-->src\main\AndroidManifest.xml:173:13-62
206            android:screenOrientation="portrait"
206-->src\main\AndroidManifest.xml:174:13-49
207            android:theme="@style/AppTheme.NoActionBar" />
207-->src\main\AndroidManifest.xml:175:13-56
208        <!--
209         <receiver android:name=".receiver.NetWorkReceiver" >
210             <intent-filter>
211                 <action android:name="android.net.conn.CONNECTIVITY_CHANGE" />
212             </intent-filter>
213         </receiver>
214        -->
215        <receiver android:name="com.vam.whitecoats.receiver.SchedulerEventReceiver" />
215-->src\main\AndroidManifest.xml:183:9-69
215-->src\main\AndroidManifest.xml:183:19-66
216        <receiver
216-->src\main\AndroidManifest.xml:184:9-190:20
217            android:name="com.vam.whitecoats.receiver.SchedulerSetupReceiver"
217-->src\main\AndroidManifest.xml:185:13-60
218            android:exported="false" >
218-->src\main\AndroidManifest.xml:186:13-37
219            <intent-filter>
219-->src\main\AndroidManifest.xml:187:13-189:29
220                <action android:name="android.intent.action.USER_PRESENT" />
220-->src\main\AndroidManifest.xml:188:17-77
220-->src\main\AndroidManifest.xml:188:25-74
221            </intent-filter>
222        </receiver>
223
224        <service android:name="com.vam.whitecoats.receiver.SchedulerEventService" />
224-->src\main\AndroidManifest.xml:192:9-67
224-->src\main\AndroidManifest.xml:192:18-64
225
226        <activity
226-->src\main\AndroidManifest.xml:194:9-200:71
227            android:name="com.vam.whitecoats.ui.activities.BasicProfileActivity"
227-->src\main\AndroidManifest.xml:195:13-63
228            android:configChanges="keyboard|keyboardHidden|orientation|screenLayout|uiMode|screenSize|smallestScreenSize"
228-->src\main\AndroidManifest.xml:196:13-122
229            android:label="@string/title_activity_basic_profile"
229-->src\main\AndroidManifest.xml:197:13-65
230            android:parentActivityName="com.vam.whitecoats.ui.activities.ProfileViewActivity"
230-->src\main\AndroidManifest.xml:198:13-76
231            android:screenOrientation="portrait"
231-->src\main\AndroidManifest.xml:199:13-49
232            android:windowSoftInputMode="stateVisible|adjustResize" />
232-->src\main\AndroidManifest.xml:200:13-68
233        <activity
233-->src\main\AndroidManifest.xml:201:9-204:52
234            android:name="com.vam.whitecoats.ui.activities.ProfessionalDetActivity"
234-->src\main\AndroidManifest.xml:202:13-66
235            android:label="@string/title_activity_professional_det"
235-->src\main\AndroidManifest.xml:203:13-68
236            android:screenOrientation="portrait" />
236-->src\main\AndroidManifest.xml:204:13-49
237        <activity
237-->src\main\AndroidManifest.xml:205:9-208:52
238            android:name="com.vam.whitecoats.ui.activities.Profile_fullView"
238-->src\main\AndroidManifest.xml:206:13-59
239            android:label="@string/title_Profile_fullView"
239-->src\main\AndroidManifest.xml:207:13-59
240            android:screenOrientation="portrait" />
240-->src\main\AndroidManifest.xml:208:13-49
241        <activity
241-->src\main\AndroidManifest.xml:209:9-212:52
242            android:name="com.vam.whitecoats.ui.activities.AcademicActivity"
242-->src\main\AndroidManifest.xml:210:13-59
243            android:label="@string/title_activity_academic"
243-->src\main\AndroidManifest.xml:211:13-60
244            android:screenOrientation="portrait" />
244-->src\main\AndroidManifest.xml:212:13-49
245        <activity
245-->src\main\AndroidManifest.xml:213:9-216:52
246            android:name="com.vam.whitecoats.ui.activities.IntroSlidesActivity"
246-->src\main\AndroidManifest.xml:214:13-62
247            android:label="IntroSlidesActivity"
247-->src\main\AndroidManifest.xml:215:13-48
248            android:screenOrientation="portrait" />
248-->src\main\AndroidManifest.xml:216:13-49
249        <activity
249-->src\main\AndroidManifest.xml:217:9-221:52
250            android:name="com.vam.whitecoats.ui.activities.PublicationsActivity"
250-->src\main\AndroidManifest.xml:218:13-63
251            android:configChanges="keyboard|keyboardHidden|orientation|screenLayout|uiMode|screenSize|smallestScreenSize"
251-->src\main\AndroidManifest.xml:219:13-122
252            android:label="@string/title_activity_publications"
252-->src\main\AndroidManifest.xml:220:13-64
253            android:screenOrientation="portrait" />
253-->src\main\AndroidManifest.xml:221:13-49
254        <activity
254-->src\main\AndroidManifest.xml:222:9-226:52
255            android:name="com.vam.whitecoats.ui.activities.InviteRequestActivity"
255-->src\main\AndroidManifest.xml:223:13-64
256            android:configChanges="keyboard|keyboardHidden|orientation|screenLayout|uiMode|screenSize|smallestScreenSize"
256-->src\main\AndroidManifest.xml:224:13-122
257            android:label="@string/app_title"
257-->src\main\AndroidManifest.xml:225:13-46
258            android:screenOrientation="portrait" />
258-->src\main\AndroidManifest.xml:226:13-49
259        <activity
259-->src\main\AndroidManifest.xml:227:9-238:20
260            android:name="com.vam.whitecoats.ui.activities.SearchContactsActivity"
260-->src\main\AndroidManifest.xml:228:13-65
261            android:configChanges="keyboard|keyboardHidden|orientation|screenLayout|uiMode|screenSize|smallestScreenSize"
261-->src\main\AndroidManifest.xml:229:13-122
262            android:exported="false"
262-->src\main\AndroidManifest.xml:230:13-37
263            android:label="@string/app_title"
263-->src\main\AndroidManifest.xml:231:13-46
264            android:screenOrientation="portrait" >
264-->src\main\AndroidManifest.xml:232:13-49
265            <intent-filter>
265-->src\main\AndroidManifest.xml:233:13-237:29
266                <action android:name="android.intent.action.MAIN" />
266-->src\main\AndroidManifest.xml:114:17-69
266-->src\main\AndroidManifest.xml:114:25-66
267
268                <category android:name="android.intent.category.DEFAULT" />
268-->src\main\AndroidManifest.xml:121:17-76
268-->src\main\AndroidManifest.xml:121:27-73
269            </intent-filter>
270        </activity>
271        <activity
271-->src\main\AndroidManifest.xml:239:9-243:52
272            android:name="com.vam.whitecoats.ui.activities.AboutMeActivity"
272-->src\main\AndroidManifest.xml:240:13-58
273            android:configChanges="keyboard|keyboardHidden|orientation|screenLayout|uiMode|screenSize|smallestScreenSize"
273-->src\main\AndroidManifest.xml:241:13-122
274            android:label="@string/app_title"
274-->src\main\AndroidManifest.xml:242:13-46
275            android:screenOrientation="portrait" />
275-->src\main\AndroidManifest.xml:243:13-49
276        <activity
276-->src\main\AndroidManifest.xml:244:9-255:20
277            android:name="com.vam.whitecoats.ui.activities.MandatoryProfileInfo"
277-->src\main\AndroidManifest.xml:245:13-63
278            android:configChanges="keyboard|keyboardHidden|orientation|screenLayout|uiMode|screenSize|smallestScreenSize"
278-->src\main\AndroidManifest.xml:246:13-122
279            android:exported="false"
279-->src\main\AndroidManifest.xml:247:13-37
280            android:label="@string/app_title"
280-->src\main\AndroidManifest.xml:248:13-46
281            android:screenOrientation="portrait" >
281-->src\main\AndroidManifest.xml:249:13-49
282            <intent-filter>
282-->src\main\AndroidManifest.xml:233:13-237:29
283                <action android:name="android.intent.action.MAIN" />
283-->src\main\AndroidManifest.xml:114:17-69
283-->src\main\AndroidManifest.xml:114:25-66
284
285                <category android:name="android.intent.category.DEFAULT" />
285-->src\main\AndroidManifest.xml:121:17-76
285-->src\main\AndroidManifest.xml:121:27-73
286            </intent-filter>
287        </activity>
288        <activity
288-->src\main\AndroidManifest.xml:256:9-261:59
289            android:name="com.vam.whitecoats.ui.activities.VisitProfileActivity"
289-->src\main\AndroidManifest.xml:257:13-63
290            android:configChanges="keyboard|keyboardHidden|orientation|screenLayout|uiMode|screenSize|smallestScreenSize"
290-->src\main\AndroidManifest.xml:258:13-122
291            android:label="@string/app_title"
291-->src\main\AndroidManifest.xml:259:13-46
292            android:screenOrientation="portrait"
292-->src\main\AndroidManifest.xml:260:13-49
293            android:theme="@style/AppTheme.NoActionBar" />
293-->src\main\AndroidManifest.xml:261:13-56
294        <activity
294-->src\main\AndroidManifest.xml:262:9-266:52
295            android:name="com.vam.whitecoats.ui.activities.ProfessionalMemActivity"
295-->src\main\AndroidManifest.xml:263:13-66
296            android:configChanges="keyboard|keyboardHidden|orientation|screenLayout|uiMode|screenSize|smallestScreenSize"
296-->src\main\AndroidManifest.xml:264:13-122
297            android:label="@string/app_title"
297-->src\main\AndroidManifest.xml:265:13-46
298            android:screenOrientation="portrait" />
298-->src\main\AndroidManifest.xml:266:13-49
299        <activity
299-->src\main\AndroidManifest.xml:267:9-271:52
300            android:name="com.vam.whitecoats.ui.activities.EditPublicationsActivity"
300-->src\main\AndroidManifest.xml:268:13-67
301            android:configChanges="keyboard|keyboardHidden|orientation|screenLayout|uiMode|screenSize|smallestScreenSize"
301-->src\main\AndroidManifest.xml:269:13-122
302            android:label="@string/app_title"
302-->src\main\AndroidManifest.xml:270:13-46
303            android:screenOrientation="portrait" />
303-->src\main\AndroidManifest.xml:271:13-49
304        <activity
304-->src\main\AndroidManifest.xml:272:9-277:59
305            android:name="com.vam.whitecoats.ui.activities.NotificationsActivity"
305-->src\main\AndroidManifest.xml:273:13-64
306            android:configChanges="keyboard|keyboardHidden|orientation|screenLayout|uiMode|screenSize|smallestScreenSize"
306-->src\main\AndroidManifest.xml:274:13-122
307            android:label="@string/app_title"
307-->src\main\AndroidManifest.xml:275:13-46
308            android:screenOrientation="portrait"
308-->src\main\AndroidManifest.xml:276:13-49
309            android:theme="@style/AppTheme.NoActionBar" />
309-->src\main\AndroidManifest.xml:277:13-56
310        <activity
310-->src\main\AndroidManifest.xml:278:9-282:52
311            android:name="com.vam.whitecoats.ui.activities.ViewContactsActivity"
311-->src\main\AndroidManifest.xml:279:13-63
312            android:configChanges="keyboard|keyboardHidden|orientation|screenLayout|uiMode|screenSize|smallestScreenSize"
312-->src\main\AndroidManifest.xml:280:13-122
313            android:label="@string/app_title"
313-->src\main\AndroidManifest.xml:281:13-46
314            android:screenOrientation="portrait" />
314-->src\main\AndroidManifest.xml:282:13-49
315        <activity
315-->src\main\AndroidManifest.xml:283:9-287:52
316            android:name="com.vam.whitecoats.ui.activities.CaseRoomEditAttachmentActivity"
316-->src\main\AndroidManifest.xml:284:13-73
317            android:configChanges="keyboard|keyboardHidden|orientation|screenLayout|uiMode|screenSize|smallestScreenSize"
317-->src\main\AndroidManifest.xml:285:13-122
318            android:label="@string/app_title"
318-->src\main\AndroidManifest.xml:286:13-46
319            android:screenOrientation="portrait" />
319-->src\main\AndroidManifest.xml:287:13-49
320        <activity
320-->src\main\AndroidManifest.xml:288:9-291:52
321            android:name="com.vam.whitecoats.ui.activities.ImageViewer"
321-->src\main\AndroidManifest.xml:289:13-54